[debug] [2021-03-27T17:15:54.491Z] ----------------------------------------------------------------------
[debug] [2021-03-27T17:15:54.493Z] Command:       C:\Program Files\nodejs\node.exe C:\Users\Bruno\AppData\Roaming\npm\node_modules\firebase-tools\lib\bin\firebase.js deploy --only functions
[debug] [2021-03-27T17:15:54.493Z] CLI Version:   9.6.1
[debug] [2021-03-27T17:15:54.493Z] Platform:      win32
[debug] [2021-03-27T17:15:54.493Z] Node Version:  v12.16.3
[debug] [2021-03-27T17:15:54.500Z] Time:          Sat Mar 27 2021 17:15:54 GMT+0000 (Greenwich Mean Time)
[debug] [2021-03-27T17:15:54.500Z] ----------------------------------------------------------------------
[debug] [2021-03-27T17:15:54.500Z] 
[debug] [2021-03-27T17:15:54.510Z] > command requires scopes: ["email","openid","https://www.googleapis.com/auth/cloudplatformprojects.readonly","https://www.googleapis.com/auth/firebase","https://www.googleapis.com/auth/cloud-platform"]
[debug] [2021-03-27T17:15:54.511Z] > authorizing via signed-in user
[debug] [2021-03-27T17:15:54.511Z] [iam] checking project party-up-dd240 for permissions ["cloudfunctions.functions.create","cloudfunctions.functions.delete","cloudfunctions.functions.get","cloudfunctions.functions.list","cloudfunctions.functions.update","cloudfunctions.operations.get","firebase.projects.get"]
[debug] [2021-03-27T17:15:54.514Z] > refreshing access token with scopes: ["email","https://www.googleapis.com/auth/cloud-platform","https://www.googleapis.com/auth/cloudplatformprojects.readonly","https://www.googleapis.com/auth/firebase","openid"]
[debug] [2021-03-27T17:15:54.514Z] >>> HTTP REQUEST POST https://www.googleapis.com/oauth2/v3/token  
 <request body omitted>
[debug] [2021-03-27T17:15:54.653Z] <<< HTTP RESPONSE 200 {"expires":"Mon, 01 Jan 1990 00:00:00 GMT","date":"Sat, 27 Mar 2021 17:15:52 GMT","pragma":"no-cache","cache-control":"no-cache, no-store, max-age=0, must-revalidate","content-type":"application/json; charset=utf-8","vary":"X-Origin, Referer, Origin,Accept-Encoding","server":"scaffolding on HTTPServer2","x-xss-protection":"0","x-frame-options":"SAMEORIGIN","x-content-type-options":"nosniff","alt-svc":"h3-29=\":443\"; ma=2592000,h3-T051=\":443\"; ma=2592000,h3-Q050=\":443\"; ma=2592000,h3-Q046=\":443\"; ma=2592000,h3-Q043=\":443\"; ma=2592000,quic=\":443\"; ma=2592000; v=\"46,43\"","accept-ranges":"none","transfer-encoding":"chunked"}
[debug] [2021-03-27T17:15:54.659Z] >>> HTTP REQUEST POST https://cloudresourcemanager.googleapis.com/v1/projects/party-up-dd240:testIamPermissions  
 {"permissions":["cloudfunctions.functions.create","cloudfunctions.functions.delete","cloudfunctions.functions.get","cloudfunctions.functions.list","cloudfunctions.functions.update","cloudfunctions.operations.get","firebase.projects.get"]}
[debug] [2021-03-27T17:15:55.308Z] <<< HTTP RESPONSE 200 {"content-type":"application/json; charset=UTF-8","vary":"X-Origin, Referer, Origin,Accept-Encoding","date":"Sat, 27 Mar 2021 17:15:53 GMT","server":"ESF","cache-control":"private","x-xss-protection":"0","x-frame-options":"SAMEORIGIN","x-content-type-options":"nosniff","server-timing":"gfet4t7; dur=593","alt-svc":"h3-29=\":443\"; ma=2592000,h3-T051=\":443\"; ma=2592000,h3-Q050=\":443\"; ma=2592000,h3-Q046=\":443\"; ma=2592000,h3-Q043=\":443\"; ma=2592000,quic=\":443\"; ma=2592000; v=\"46,43\"","accept-ranges":"none","transfer-encoding":"chunked"}
[debug] [2021-03-27T17:15:55.309Z] >>> HTTP REQUEST POST https://iam.googleapis.com/v1/projects/party-up-dd240/serviceAccounts/party-up-dd240@appspot.gserviceaccount.com:testIamPermissions  
 {"permissions":["iam.serviceAccounts.actAs"]}
[debug] [2021-03-27T17:15:55.914Z] <<< HTTP RESPONSE 200 {"content-type":"application/json; charset=UTF-8","vary":"X-Origin, Referer, Origin,Accept-Encoding","date":"Sat, 27 Mar 2021 17:15:53 GMT","server":"ESF","cache-control":"private","x-xss-protection":"0","x-frame-options":"SAMEORIGIN","x-content-type-options":"nosniff","alt-svc":"h3-29=\":443\"; ma=2592000,h3-T051=\":443\"; ma=2592000,h3-Q050=\":443\"; ma=2592000,h3-Q046=\":443\"; ma=2592000,h3-Q043=\":443\"; ma=2592000,quic=\":443\"; ma=2592000; v=\"46,43\"","accept-ranges":"none","transfer-encoding":"chunked"}
[info] 
[info] === Deploying to 'party-up-dd240'...
[info] 
[info] i  deploying functions 
[info] Running command: npm --prefix "$RESOURCE_DIR" run lint
[info] +  functions: Finished running predeploy script. 
[info] i  functions: ensuring required API cloudfunctions.googleapis.com is enabled... 
[info] i  functions: ensuring required API cloudbuild.googleapis.com is enabled... 
[debug] [2021-03-27T17:16:05.096Z] >>> HTTP REQUEST GET https://serviceusage.googleapis.com/v1/projects/party-up-dd240/services/cloudfunctions.googleapis.com  
 
[debug] [2021-03-27T17:16:05.096Z] >>> HTTP REQUEST GET https://serviceusage.googleapis.com/v1/projects/party-up-dd240/services/runtimeconfig.googleapis.com  
 
[debug] [2021-03-27T17:16:05.096Z] >>> HTTP REQUEST GET https://serviceusage.googleapis.com/v1/projects/party-up-dd240/services/cloudbuild.googleapis.com  
 
[debug] [2021-03-27T17:16:05.898Z] <<< HTTP RESPONSE 200 {"content-type":"application/json; charset=UTF-8","vary":"X-Origin, Referer, Origin,Accept-Encoding","date":"Sat, 27 Mar 2021 17:16:03 GMT","server":"ESF","cache-control":"private","x-xss-protection":"0","x-frame-options":"SAMEORIGIN","x-content-type-options":"nosniff","alt-svc":"h3-29=\":443\"; ma=2592000,h3-T051=\":443\"; ma=2592000,h3-Q050=\":443\"; ma=2592000,h3-Q046=\":443\"; ma=2592000,h3-Q043=\":443\"; ma=2592000,quic=\":443\"; ma=2592000; v=\"46,43\"","accept-ranges":"none","transfer-encoding":"chunked"}
[info] +  functions: required API cloudbuild.googleapis.com is enabled 
[debug] [2021-03-27T17:16:05.902Z] <<< HTTP RESPONSE 200 {"content-type":"application/json; charset=UTF-8","vary":"X-Origin, Referer, Origin,Accept-Encoding","date":"Sat, 27 Mar 2021 17:16:03 GMT","server":"ESF","cache-control":"private","x-xss-protection":"0","x-frame-options":"SAMEORIGIN","x-content-type-options":"nosniff","alt-svc":"h3-29=\":443\"; ma=2592000,h3-T051=\":443\"; ma=2592000,h3-Q050=\":443\"; ma=2592000,h3-Q046=\":443\"; ma=2592000,h3-Q043=\":443\"; ma=2592000,quic=\":443\"; ma=2592000; v=\"46,43\"","accept-ranges":"none","transfer-encoding":"chunked"}
[debug] [2021-03-27T17:16:05.912Z] <<< HTTP RESPONSE 200 {"content-type":"application/json; charset=UTF-8","vary":"X-Origin, Referer, Origin,Accept-Encoding","date":"Sat, 27 Mar 2021 17:16:03 GMT","server":"ESF","cache-control":"private","x-xss-protection":"0","x-frame-options":"SAMEORIGIN","x-content-type-options":"nosniff","alt-svc":"h3-29=\":443\"; ma=2592000,h3-T051=\":443\"; ma=2592000,h3-Q050=\":443\"; ma=2592000,h3-Q046=\":443\"; ma=2592000,h3-Q043=\":443\"; ma=2592000,quic=\":443\"; ma=2592000; v=\"46,43\"","accept-ranges":"none","transfer-encoding":"chunked"}
[info] +  functions: required API cloudfunctions.googleapis.com is enabled 
[debug] [2021-03-27T17:16:05.914Z] >>> HTTP REQUEST GET https://firebase.googleapis.com/v1beta1/projects/party-up-dd240/adminSdkConfig  
 
[debug] [2021-03-27T17:16:06.198Z] <<< HTTP RESPONSE 200 {"content-type":"application/json; charset=UTF-8","vary":"X-Origin, Referer, Origin,Accept-Encoding","date":"Sat, 27 Mar 2021 17:16:03 GMT","server":"ESF","cache-control":"private","x-xss-protection":"0","x-frame-options":"SAMEORIGIN","x-content-type-options":"nosniff","alt-svc":"h3-29=\":443\"; ma=2592000,h3-T051=\":443\"; ma=2592000,h3-Q050=\":443\"; ma=2592000,h3-Q046=\":443\"; ma=2592000,h3-Q043=\":443\"; ma=2592000,quic=\":443\"; ma=2592000; v=\"46,43\"","accept-ranges":"none","transfer-encoding":"chunked"}
[info] i  functions: preparing functions directory for uploading... 
[debug] [2021-03-27T17:16:06.200Z] >>> HTTP REQUEST GET https://runtimeconfig.googleapis.com/v1beta1/projects/party-up-dd240/configs  
 
[debug] [2021-03-27T17:16:06.454Z] <<< HTTP RESPONSE 200 {"content-type":"application/json; charset=UTF-8","vary":"X-Origin, Referer, Origin,Accept-Encoding","date":"Sat, 27 Mar 2021 17:16:04 GMT","server":"ESF","cache-control":"private","x-xss-protection":"0","x-frame-options":"SAMEORIGIN","x-content-type-options":"nosniff","alt-svc":"h3-29=\":443\"; ma=2592000,h3-T051=\":443\"; ma=2592000,h3-Q050=\":443\"; ma=2592000,h3-Q046=\":443\"; ma=2592000,h3-Q043=\":443\"; ma=2592000,quic=\":443\"; ma=2592000; v=\"46,43\"","accept-ranges":"none","transfer-encoding":"chunked"}
[info] i  functions: packaged functions (48.39 KB) for uploading 
[debug] [2021-03-27T17:16:06.695Z] > [functions] package.json contents: {
  "name": "functions",
  "description": "Cloud Functions for Firebase",
  "scripts": {
    "lint": "eslint .",
    "serve": "firebase emulators:start --only functions",
    "shell": "firebase functions:shell",
    "start": "npm run shell",
    "deploy": "firebase deploy --only functions",
    "logs": "firebase functions:log"
  },
  "engines": {
    "node": "12"
  },
  "main": "index.js",
  "dependencies": {
    "algoliasearch": "^4.3.0",
    "firebase-admin": "^9.2.0",
    "firebase-functions": "^3.11.0"
  },
  "devDependencies": {
    "eslint-plugin-promise": "^4.0.1",
    "firebase-functions-test": "^0.2.0"
  },
  "private": true
}
[debug] [2021-03-27T17:16:06.697Z] >>> HTTP REQUEST GET https://cloudfunctions.googleapis.com/v1/projects/party-up-dd240/locations/-/functions  
 
[debug] [2021-03-27T17:16:07.245Z] <<< HTTP RESPONSE 200 {"content-type":"application/json; charset=UTF-8","vary":"X-Origin, Referer, Origin,Accept-Encoding","date":"Sat, 27 Mar 2021 17:16:04 GMT","server":"ESF","cache-control":"private","x-xss-protection":"0","x-frame-options":"SAMEORIGIN","x-content-type-options":"nosniff","alt-svc":"h3-29=\":443\"; ma=2592000,h3-T051=\":443\"; ma=2592000,h3-Q050=\":443\"; ma=2592000,h3-Q046=\":443\"; ma=2592000,h3-Q043=\":443\"; ma=2592000,quic=\":443\"; ma=2592000; v=\"46,43\"","accept-ranges":"none","transfer-encoding":"chunked"}
[debug] [2021-03-27T17:16:07.248Z] >>> HTTP REQUEST POST https://cloudfunctions.googleapis.com/v1/projects/party-up-dd240/locations/us-central1/functions:generateUploadUrl  
 
[debug] [2021-03-27T17:16:07.863Z] <<< HTTP RESPONSE 200 {"content-type":"application/json; charset=UTF-8","vary":"X-Origin, Referer, Origin,Accept-Encoding","date":"Sat, 27 Mar 2021 17:16:05 GMT","server":"ESF","cache-control":"private","x-xss-protection":"0","x-frame-options":"SAMEORIGIN","x-content-type-options":"nosniff","alt-svc":"h3-29=\":443\"; ma=2592000,h3-T051=\":443\"; ma=2592000,h3-Q050=\":443\"; ma=2592000,h3-Q046=\":443\"; ma=2592000,h3-Q043=\":443\"; ma=2592000,quic=\":443\"; ma=2592000; v=\"46,43\"","accept-ranges":"none","transfer-encoding":"chunked"}
[debug] [2021-03-27T17:16:07.865Z] >>> HTTP REQUEST PUT https://storage.googleapis.com/gcf-upload-us-central1-c9aebbef-8a6b-4095-8343-44c4d2cbe6ec/d407e650-d349-41df-a646-ff3f8c68ae6a.zip?GoogleAccessId=service-514271758518@gcf-admin-robot.iam.gserviceaccount.com&Expires=1616867165&Signature=JtYin5CxZ94C%2Fe3faT9Kt68S0ZWY95ncSNSD5PA4m85X5YAJ5OaYUW0CHtVfdRg010aQ1gmoFvm4ohh1OjpAnssC0ddVmudJzoz6zv6POENOwIwo3cEtTLrBnMuYztQjO4MEDE96oAMrRhkhjTTD9xsMi88nEuCfPrwS2Ku1TUi204zfm37RF8LGUsHWvPzEzCbfwpXiZB9X9oucRanzqEJoOPLNjEwB3c5U6rAapdNbc1PJkv7PzdjJMjvHa0YkSGGvjPzE80Hk4HoWn7r362TilzcE0rxlO5GILwDODQ61fwMivpTOzQLfPyfrwjVIJej9H3ezS71%2FdfjNupvrbw%3D%3D  
 <request body omitted>
[debug] [2021-03-27T17:16:08.134Z] <<< HTTP RESPONSE 200 {"x-guploader-uploadid":"ABg5-UwHPVv08E32es6t_FaTgdnRTz_uH7v6-oYIJHodG9CG7fY4H64A3kMTNc2t2kqh1iQUtyiVT48LHCEcCVK7T_0","etag":"\"a10cf9318a77e06e56fddb53d71a6837\"","x-goog-generation":"1616865365832506","x-goog-metageneration":"1","x-goog-hash":"crc32c=JoFEVw==, md5=oQz5MYp34G5W/dtT1xpoNw==","x-goog-stored-content-length":"49552","x-goog-stored-content-encoding":"identity","vary":"Origin","content-length":"0","date":"Sat, 27 Mar 2021 17:16:05 GMT","server":"UploadServer","content-type":"text/html; charset=UTF-8","alt-svc":"h3-29=\":443\"; ma=2592000,h3-T051=\":443\"; ma=2592000,h3-Q050=\":443\"; ma=2592000,h3-Q046=\":443\"; ma=2592000,h3-Q043=\":443\"; ma=2592000,quic=\":443\"; ma=2592000; v=\"46,43\""}
[info] +  functions: functions folder uploaded successfully 
[info] i  functions: updating Node.js 12 function sendFriendRequestNotification(us-central1)... 
[debug] [2021-03-27T17:16:08.145Z] >>> HTTP REQUEST PATCH https://cloudfunctions.googleapis.com/v1/projects/party-up-dd240/locations/us-central1/functions/sendFriendRequestNotification {"updateMask":"sourceUploadUrl,name,labels,runtime,environmentVariables,eventTrigger.resource,eventTrigger.eventType,eventTrigger.service,eventTrigger.failurePolicy"} 
 {"sourceUploadUrl":"https://storage.googleapis.com/gcf-upload-us-central1-c9aebbef-8a6b-4095-8343-44c4d2cbe6ec/d407e650-d349-41df-a646-ff3f8c68ae6a.zip?GoogleAccessId=service-514271758518@gcf-admin-robot.iam.gserviceaccount.com&Expires=1616867165&Signature=JtYin5CxZ94C%2Fe3faT9Kt68S0ZWY95ncSNSD5PA4m85X5YAJ5OaYUW0CHtVfdRg010aQ1gmoFvm4ohh1OjpAnssC0ddVmudJzoz6zv6POENOwIwo3cEtTLrBnMuYztQjO4MEDE96oAMrRhkhjTTD9xsMi88nEuCfPrwS2Ku1TUi204zfm37RF8LGUsHWvPzEzCbfwpXiZB9X9oucRanzqEJoOPLNjEwB3c5U6rAapdNbc1PJkv7PzdjJMjvHa0YkSGGvjPzE80Hk4HoWn7r362TilzcE0rxlO5GILwDODQ61fwMivpTOzQLfPyfrwjVIJej9H3ezS71%2FdfjNupvrbw%3D%3D","name":"projects/party-up-dd240/locations/us-central1/functions/sendFriendRequestNotification","labels":{"deployment-tool":"cli-firebase"},"eventTrigger":{"resource":"projects/party-up-dd240/databases/(default)/documents/friend_requests/{userId}","eventType":"providers/cloud.firestore/eventTypes/document.write","service":"firestore.googleapis.com"},"runtime":"nodejs12","environmentVariables":{"FIREBASE_CONFIG":"{\"projectId\":\"party-up-dd240\",\"databaseURL\":\"https://party-up-dd240.firebaseio.com\",\"storageBucket\":\"party-up-dd240.appspot.com\",\"locationId\":\"europe-west\"}"}}
[debug] [2021-03-27T17:16:08.655Z] <<< HTTP RESPONSE 200 {"content-type":"application/json; charset=UTF-8","vary":"X-Origin, Referer, Origin,Accept-Encoding","date":"Sat, 27 Mar 2021 17:16:06 GMT","server":"ESF","cache-control":"private","x-xss-protection":"0","x-frame-options":"SAMEORIGIN","x-content-type-options":"nosniff","alt-svc":"h3-29=\":443\"; ma=2592000,h3-T051=\":443\"; ma=2592000,h3-Q050=\":443\"; ma=2592000,h3-Q046=\":443\"; ma=2592000,h3-Q043=\":443\"; ma=2592000,quic=\":443\"; ma=2592000; v=\"46,43\"","accept-ranges":"none","transfer-encoding":"chunked"}
[debug] [2021-03-27T17:16:08.656Z] > refreshing access token with scopes: []
[debug] [2021-03-27T17:16:08.656Z] >>> HTTP REQUEST POST https://www.googleapis.com/oauth2/v3/token  
 <request body omitted>
[debug] [2021-03-27T17:16:08.723Z] <<< HTTP RESPONSE 200 {"expires":"Mon, 01 Jan 1990 00:00:00 GMT","cache-control":"no-cache, no-store, max-age=0, must-revalidate","pragma":"no-cache","date":"Sat, 27 Mar 2021 17:16:06 GMT","content-type":"application/json; charset=utf-8","vary":"X-Origin, Referer, Origin,Accept-Encoding","server":"scaffolding on HTTPServer2","x-xss-protection":"0","x-frame-options":"SAMEORIGIN","x-content-type-options":"nosniff","alt-svc":"h3-29=\":443\"; ma=2592000,h3-T051=\":443\"; ma=2592000,h3-Q050=\":443\"; ma=2592000,h3-Q046=\":443\"; ma=2592000,h3-Q043=\":443\"; ma=2592000,quic=\":443\"; ma=2592000; v=\"46,43\"","accept-ranges":"none","transfer-encoding":"chunked"}
[debug] [2021-03-27T17:16:08.740Z] >>> [apiv2][query] GET https://cloudfunctions.googleapis.com/v1/operations/cGFydHktdXAtZGQyNDAvdXMtY2VudHJhbDEvc2VuZEZyaWVuZFJlcXVlc3ROb3RpZmljYXRpb24vZnZ5QXQ4bDB4TTQ [none]
[debug] [2021-03-27T17:16:08.939Z] <<< [apiv2][status] GET https://cloudfunctions.googleapis.com/v1/operations/cGFydHktdXAtZGQyNDAvdXMtY2VudHJhbDEvc2VuZEZyaWVuZFJlcXVlc3ROb3RpZmljYXRpb24vZnZ5QXQ4bDB4TTQ 200
[debug] [2021-03-27T17:16:08.939Z] <<< [apiv2][body] GET https://cloudfunctions.googleapis.com/v1/operations/cGFydHktdXAtZGQyNDAvdXMtY2VudHJhbDEvc2VuZEZyaWVuZFJlcXVlc3ROb3RpZmljYXRpb24vZnZ5QXQ4bDB4TTQ {"name":"operations/cGFydHktdXAtZGQyNDAvdXMtY2VudHJhbDEvc2VuZEZyaWVuZFJlcXVlc3ROb3RpZmljYXRpb24vZnZ5QXQ4bDB4TTQ","metadata":{"@type":"type.googleapis.com/google.cloud.functions.v1.OperationMetadataV1","target":"projects/party-up-dd240/locations/us-central1/functions/sendFriendRequestNotification","type":"UPDATE_FUNCTION","request":{"@type":"type.googleapis.com/google.cloud.functions.v1.CloudFunction","name":"projects/party-up-dd240/locations/us-central1/functions/sendFriendRequestNotification","eventTrigger":{"eventType":"providers/cloud.firestore/eventTypes/document.write","resource":"projects/party-up-dd240/databases/(default)/documents/friend_requests/{userId}","service":"firestore.googleapis.com"},"status":"ACTIVE","entryPoint":"sendFriendRequestNotification","timeout":"60s","availableMemoryMb":256,"serviceAccountEmail":"party-up-dd240@appspot.gserviceaccount.com","updateTime":"2021-03-27T16:34:33.814Z","versionId":"33","labels":{"deployment-tool":"cli-firebase"},"sourceUploadUrl":"https://storage.googleapis.com/gcf-upload-us-central1-c9aebbef-8a6b-4095-8343-44c4d2cbe6ec/d407e650-d349-41df-a646-ff3f8c68ae6a.zip?GoogleAccessId=service-514271758518@gcf-admin-robot.iam.gserviceaccount.com&Expires=1616867165&Signature=JtYin5CxZ94C%2Fe3faT9Kt68S0ZWY95ncSNSD5PA4m85X5YAJ5OaYUW0CHtVfdRg010aQ1gmoFvm4ohh1OjpAnssC0ddVmudJzoz6zv6POENOwIwo3cEtTLrBnMuYztQjO4MEDE96oAMrRhkhjTTD9xsMi88nEuCfPrwS2Ku1TUi204zfm37RF8LGUsHWvPzEzCbfwpXiZB9X9oucRanzqEJoOPLNjEwB3c5U6rAapdNbc1PJkv7PzdjJMjvHa0YkSGGvjPzE80Hk4HoWn7r362TilzcE0rxlO5GILwDODQ61fwMivpTOzQLfPyfrwjVIJej9H3ezS71%2FdfjNupvrbw%3D%3D","environmentVariables":{"FIREBASE_CONFIG":"{\"projectId\":\"party-up-dd240\",\"databaseURL\":\"https://party-up-dd240.firebaseio.com\",\"storageBucket\":\"party-up-dd240.appspot.com\",\"locationId\":\"europe-west\"}"},"runtime":"nodejs12","ingressSettings":"ALLOW_ALL","buildId":"5ef746a2-2264-42d7-8edd-93872b82e014"},"versionId":"34","updateTime":"2021-03-27T17:16:06Z"}}
[debug] [2021-03-27T17:16:09.442Z] [update-projects/party-up-dd240/locations/us-central1/functions/sendFriendRequestNotification] Retrying task index 0
[debug] [2021-03-27T17:16:09.444Z] >>> [apiv2][query] GET https://cloudfunctions.googleapis.com/v1/operations/cGFydHktdXAtZGQyNDAvdXMtY2VudHJhbDEvc2VuZEZyaWVuZFJlcXVlc3ROb3RpZmljYXRpb24vZnZ5QXQ4bDB4TTQ [none]
[debug] [2021-03-27T17:16:09.657Z] <<< [apiv2][status] GET https://cloudfunctions.googleapis.com/v1/operations/cGFydHktdXAtZGQyNDAvdXMtY2VudHJhbDEvc2VuZEZyaWVuZFJlcXVlc3ROb3RpZmljYXRpb24vZnZ5QXQ4bDB4TTQ 200
[debug] [2021-03-27T17:16:09.657Z] <<< [apiv2][body] GET https://cloudfunctions.googleapis.com/v1/operations/cGFydHktdXAtZGQyNDAvdXMtY2VudHJhbDEvc2VuZEZyaWVuZFJlcXVlc3ROb3RpZmljYXRpb24vZnZ5QXQ4bDB4TTQ {"name":"operations/cGFydHktdXAtZGQyNDAvdXMtY2VudHJhbDEvc2VuZEZyaWVuZFJlcXVlc3ROb3RpZmljYXRpb24vZnZ5QXQ4bDB4TTQ","metadata":{"@type":"type.googleapis.com/google.cloud.functions.v1.OperationMetadataV1","target":"projects/party-up-dd240/locations/us-central1/functions/sendFriendRequestNotification","type":"UPDATE_FUNCTION","request":{"@type":"type.googleapis.com/google.cloud.functions.v1.CloudFunction","name":"projects/party-up-dd240/locations/us-central1/functions/sendFriendRequestNotification","eventTrigger":{"eventType":"providers/cloud.firestore/eventTypes/document.write","resource":"projects/party-up-dd240/databases/(default)/documents/friend_requests/{userId}","service":"firestore.googleapis.com"},"status":"ACTIVE","entryPoint":"sendFriendRequestNotification","timeout":"60s","availableMemoryMb":256,"serviceAccountEmail":"party-up-dd240@appspot.gserviceaccount.com","updateTime":"2021-03-27T16:34:33.814Z","versionId":"33","labels":{"deployment-tool":"cli-firebase"},"sourceUploadUrl":"https://storage.googleapis.com/gcf-upload-us-central1-c9aebbef-8a6b-4095-8343-44c4d2cbe6ec/d407e650-d349-41df-a646-ff3f8c68ae6a.zip?GoogleAccessId=service-514271758518@gcf-admin-robot.iam.gserviceaccount.com&Expires=1616867165&Signature=JtYin5CxZ94C%2Fe3faT9Kt68S0ZWY95ncSNSD5PA4m85X5YAJ5OaYUW0CHtVfdRg010aQ1gmoFvm4ohh1OjpAnssC0ddVmudJzoz6zv6POENOwIwo3cEtTLrBnMuYztQjO4MEDE96oAMrRhkhjTTD9xsMi88nEuCfPrwS2Ku1TUi204zfm37RF8LGUsHWvPzEzCbfwpXiZB9X9oucRanzqEJoOPLNjEwB3c5U6rAapdNbc1PJkv7PzdjJMjvHa0YkSGGvjPzE80Hk4HoWn7r362TilzcE0rxlO5GILwDODQ61fwMivpTOzQLfPyfrwjVIJej9H3ezS71%2FdfjNupvrbw%3D%3D","environmentVariables":{"FIREBASE_CONFIG":"{\"projectId\":\"party-up-dd240\",\"databaseURL\":\"https://party-up-dd240.firebaseio.com\",\"storageBucket\":\"party-up-dd240.appspot.com\",\"locationId\":\"europe-west\"}"},"runtime":"nodejs12","ingressSettings":"ALLOW_ALL","buildId":"5ef746a2-2264-42d7-8edd-93872b82e014"},"versionId":"34","updateTime":"2021-03-27T17:16:06Z","buildId":"713a6ba0-794a-4b10-a19b-cf900ddf9c00"}}
[debug] [2021-03-27T17:16:10.659Z] [update-projects/party-up-dd240/locations/us-central1/functions/sendFriendRequestNotification] Retrying task index 0
[debug] [2021-03-27T17:16:10.663Z] >>> [apiv2][query] GET https://cloudfunctions.googleapis.com/v1/operations/cGFydHktdXAtZGQyNDAvdXMtY2VudHJhbDEvc2VuZEZyaWVuZFJlcXVlc3ROb3RpZmljYXRpb24vZnZ5QXQ4bDB4TTQ [none]
[debug] [2021-03-27T17:16:10.855Z] <<< [apiv2][status] GET https://cloudfunctions.googleapis.com/v1/operations/cGFydHktdXAtZGQyNDAvdXMtY2VudHJhbDEvc2VuZEZyaWVuZFJlcXVlc3ROb3RpZmljYXRpb24vZnZ5QXQ4bDB4TTQ 200
[debug] [2021-03-27T17:16:10.856Z] <<< [apiv2][body] GET https://cloudfunctions.googleapis.com/v1/operations/cGFydHktdXAtZGQyNDAvdXMtY2VudHJhbDEvc2VuZEZyaWVuZFJlcXVlc3ROb3RpZmljYXRpb24vZnZ5QXQ4bDB4TTQ {"name":"operations/cGFydHktdXAtZGQyNDAvdXMtY2VudHJhbDEvc2VuZEZyaWVuZFJlcXVlc3ROb3RpZmljYXRpb24vZnZ5QXQ4bDB4TTQ","metadata":{"@type":"type.googleapis.com/google.cloud.functions.v1.OperationMetadataV1","target":"projects/party-up-dd240/locations/us-central1/functions/sendFriendRequestNotification","type":"UPDATE_FUNCTION","request":{"@type":"type.googleapis.com/google.cloud.functions.v1.CloudFunction","name":"projects/party-up-dd240/locations/us-central1/functions/sendFriendRequestNotification","eventTrigger":{"eventType":"providers/cloud.firestore/eventTypes/document.write","resource":"projects/party-up-dd240/databases/(default)/documents/friend_requests/{userId}","service":"firestore.googleapis.com"},"status":"ACTIVE","entryPoint":"sendFriendRequestNotification","timeout":"60s","availableMemoryMb":256,"serviceAccountEmail":"party-up-dd240@appspot.gserviceaccount.com","updateTime":"2021-03-27T16:34:33.814Z","versionId":"33","labels":{"deployment-tool":"cli-firebase"},"sourceUploadUrl":"https://storage.googleapis.com/gcf-upload-us-central1-c9aebbef-8a6b-4095-8343-44c4d2cbe6ec/d407e650-d349-41df-a646-ff3f8c68ae6a.zip?GoogleAccessId=service-514271758518@gcf-admin-robot.iam.gserviceaccount.com&Expires=1616867165&Signature=JtYin5CxZ94C%2Fe3faT9Kt68S0ZWY95ncSNSD5PA4m85X5YAJ5OaYUW0CHtVfdRg010aQ1gmoFvm4ohh1OjpAnssC0ddVmudJzoz6zv6POENOwIwo3cEtTLrBnMuYztQjO4MEDE96oAMrRhkhjTTD9xsMi88nEuCfPrwS2Ku1TUi204zfm37RF8LGUsHWvPzEzCbfwpXiZB9X9oucRanzqEJoOPLNjEwB3c5U6rAapdNbc1PJkv7PzdjJMjvHa0YkSGGvjPzE80Hk4HoWn7r362TilzcE0rxlO5GILwDODQ61fwMivpTOzQLfPyfrwjVIJej9H3ezS71%2FdfjNupvrbw%3D%3D","environmentVariables":{"FIREBASE_CONFIG":"{\"projectId\":\"party-up-dd240\",\"databaseURL\":\"https://party-up-dd240.firebaseio.com\",\"storageBucket\":\"party-up-dd240.appspot.com\",\"locationId\":\"europe-west\"}"},"runtime":"nodejs12","ingressSettings":"ALLOW_ALL","buildId":"5ef746a2-2264-42d7-8edd-93872b82e014"},"versionId":"34","updateTime":"2021-03-27T17:16:06Z","buildId":"713a6ba0-794a-4b10-a19b-cf900ddf9c00"}}
[debug] [2021-03-27T17:16:12.856Z] [update-projects/party-up-dd240/locations/us-central1/functions/sendFriendRequestNotification] Retrying task index 0
[debug] [2021-03-27T17:16:12.857Z] >>> [apiv2][query] GET https://cloudfunctions.googleapis.com/v1/operations/cGFydHktdXAtZGQyNDAvdXMtY2VudHJhbDEvc2VuZEZyaWVuZFJlcXVlc3ROb3RpZmljYXRpb24vZnZ5QXQ4bDB4TTQ [none]
[debug] [2021-03-27T17:16:13.051Z] <<< [apiv2][status] GET https://cloudfunctions.googleapis.com/v1/operations/cGFydHktdXAtZGQyNDAvdXMtY2VudHJhbDEvc2VuZEZyaWVuZFJlcXVlc3ROb3RpZmljYXRpb24vZnZ5QXQ4bDB4TTQ 200
[debug] [2021-03-27T17:16:13.051Z] <<< [apiv2][body] GET https://cloudfunctions.googleapis.com/v1/operations/cGFydHktdXAtZGQyNDAvdXMtY2VudHJhbDEvc2VuZEZyaWVuZFJlcXVlc3ROb3RpZmljYXRpb24vZnZ5QXQ4bDB4TTQ {"name":"operations/cGFydHktdXAtZGQyNDAvdXMtY2VudHJhbDEvc2VuZEZyaWVuZFJlcXVlc3ROb3RpZmljYXRpb24vZnZ5QXQ4bDB4TTQ","metadata":{"@type":"type.googleapis.com/google.cloud.functions.v1.OperationMetadataV1","target":"projects/party-up-dd240/locations/us-central1/functions/sendFriendRequestNotification","type":"UPDATE_FUNCTION","request":{"@type":"type.googleapis.com/google.cloud.functions.v1.CloudFunction","name":"projects/party-up-dd240/locations/us-central1/functions/sendFriendRequestNotification","eventTrigger":{"eventType":"providers/cloud.firestore/eventTypes/document.write","resource":"projects/party-up-dd240/databases/(default)/documents/friend_requests/{userId}","service":"firestore.googleapis.com"},"status":"ACTIVE","entryPoint":"sendFriendRequestNotification","timeout":"60s","availableMemoryMb":256,"serviceAccountEmail":"party-up-dd240@appspot.gserviceaccount.com","updateTime":"2021-03-27T16:34:33.814Z","versionId":"33","labels":{"deployment-tool":"cli-firebase"},"sourceUploadUrl":"https://storage.googleapis.com/gcf-upload-us-central1-c9aebbef-8a6b-4095-8343-44c4d2cbe6ec/d407e650-d349-41df-a646-ff3f8c68ae6a.zip?GoogleAccessId=service-514271758518@gcf-admin-robot.iam.gserviceaccount.com&Expires=1616867165&Signature=JtYin5CxZ94C%2Fe3faT9Kt68S0ZWY95ncSNSD5PA4m85X5YAJ5OaYUW0CHtVfdRg010aQ1gmoFvm4ohh1OjpAnssC0ddVmudJzoz6zv6POENOwIwo3cEtTLrBnMuYztQjO4MEDE96oAMrRhkhjTTD9xsMi88nEuCfPrwS2Ku1TUi204zfm37RF8LGUsHWvPzEzCbfwpXiZB9X9oucRanzqEJoOPLNjEwB3c5U6rAapdNbc1PJkv7PzdjJMjvHa0YkSGGvjPzE80Hk4HoWn7r362TilzcE0rxlO5GILwDODQ61fwMivpTOzQLfPyfrwjVIJej9H3ezS71%2FdfjNupvrbw%3D%3D","environmentVariables":{"FIREBASE_CONFIG":"{\"projectId\":\"party-up-dd240\",\"databaseURL\":\"https://party-up-dd240.firebaseio.com\",\"storageBucket\":\"party-up-dd240.appspot.com\",\"locationId\":\"europe-west\"}"},"runtime":"nodejs12","ingressSettings":"ALLOW_ALL","buildId":"5ef746a2-2264-42d7-8edd-93872b82e014"},"versionId":"34","updateTime":"2021-03-27T17:16:06Z","buildId":"713a6ba0-794a-4b10-a19b-cf900ddf9c00"}}
[debug] [2021-03-27T17:16:17.051Z] [update-projects/party-up-dd240/locations/us-central1/functions/sendFriendRequestNotification] Retrying task index 0
[debug] [2021-03-27T17:16:17.053Z] >>> [apiv2][query] GET https://cloudfunctions.googleapis.com/v1/operations/cGFydHktdXAtZGQyNDAvdXMtY2VudHJhbDEvc2VuZEZyaWVuZFJlcXVlc3ROb3RpZmljYXRpb24vZnZ5QXQ4bDB4TTQ [none]
[debug] [2021-03-27T17:16:17.247Z] <<< [apiv2][status] GET https://cloudfunctions.googleapis.com/v1/operations/cGFydHktdXAtZGQyNDAvdXMtY2VudHJhbDEvc2VuZEZyaWVuZFJlcXVlc3ROb3RpZmljYXRpb24vZnZ5QXQ4bDB4TTQ 200
[debug] [2021-03-27T17:16:17.247Z] <<< [apiv2][body] GET https://cloudfunctions.googleapis.com/v1/operations/cGFydHktdXAtZGQyNDAvdXMtY2VudHJhbDEvc2VuZEZyaWVuZFJlcXVlc3ROb3RpZmljYXRpb24vZnZ5QXQ4bDB4TTQ {"name":"operations/cGFydHktdXAtZGQyNDAvdXMtY2VudHJhbDEvc2VuZEZyaWVuZFJlcXVlc3ROb3RpZmljYXRpb24vZnZ5QXQ4bDB4TTQ","metadata":{"@type":"type.googleapis.com/google.cloud.functions.v1.OperationMetadataV1","target":"projects/party-up-dd240/locations/us-central1/functions/sendFriendRequestNotification","type":"UPDATE_FUNCTION","request":{"@type":"type.googleapis.com/google.cloud.functions.v1.CloudFunction","name":"projects/party-up-dd240/locations/us-central1/functions/sendFriendRequestNotification","eventTrigger":{"eventType":"providers/cloud.firestore/eventTypes/document.write","resource":"projects/party-up-dd240/databases/(default)/documents/friend_requests/{userId}","service":"firestore.googleapis.com"},"status":"ACTIVE","entryPoint":"sendFriendRequestNotification","timeout":"60s","availableMemoryMb":256,"serviceAccountEmail":"party-up-dd240@appspot.gserviceaccount.com","updateTime":"2021-03-27T16:34:33.814Z","versionId":"33","labels":{"deployment-tool":"cli-firebase"},"sourceUploadUrl":"https://storage.googleapis.com/gcf-upload-us-central1-c9aebbef-8a6b-4095-8343-44c4d2cbe6ec/d407e650-d349-41df-a646-ff3f8c68ae6a.zip?GoogleAccessId=service-514271758518@gcf-admin-robot.iam.gserviceaccount.com&Expires=1616867165&Signature=JtYin5CxZ94C%2Fe3faT9Kt68S0ZWY95ncSNSD5PA4m85X5YAJ5OaYUW0CHtVfdRg010aQ1gmoFvm4ohh1OjpAnssC0ddVmudJzoz6zv6POENOwIwo3cEtTLrBnMuYztQjO4MEDE96oAMrRhkhjTTD9xsMi88nEuCfPrwS2Ku1TUi204zfm37RF8LGUsHWvPzEzCbfwpXiZB9X9oucRanzqEJoOPLNjEwB3c5U6rAapdNbc1PJkv7PzdjJMjvHa0YkSGGvjPzE80Hk4HoWn7r362TilzcE0rxlO5GILwDODQ61fwMivpTOzQLfPyfrwjVIJej9H3ezS71%2FdfjNupvrbw%3D%3D","environmentVariables":{"FIREBASE_CONFIG":"{\"projectId\":\"party-up-dd240\",\"databaseURL\":\"https://party-up-dd240.firebaseio.com\",\"storageBucket\":\"party-up-dd240.appspot.com\",\"locationId\":\"europe-west\"}"},"runtime":"nodejs12","ingressSettings":"ALLOW_ALL","buildId":"5ef746a2-2264-42d7-8edd-93872b82e014"},"versionId":"34","updateTime":"2021-03-27T17:16:06Z","buildId":"713a6ba0-794a-4b10-a19b-cf900ddf9c00"}}
[debug] [2021-03-27T17:16:25.248Z] [update-projects/party-up-dd240/locations/us-central1/functions/sendFriendRequestNotification] Retrying task index 0
[debug] [2021-03-27T17:16:25.249Z] >>> [apiv2][query] GET https://cloudfunctions.googleapis.com/v1/operations/cGFydHktdXAtZGQyNDAvdXMtY2VudHJhbDEvc2VuZEZyaWVuZFJlcXVlc3ROb3RpZmljYXRpb24vZnZ5QXQ4bDB4TTQ [none]
[debug] [2021-03-27T17:16:25.454Z] <<< [apiv2][status] GET https://cloudfunctions.googleapis.com/v1/operations/cGFydHktdXAtZGQyNDAvdXMtY2VudHJhbDEvc2VuZEZyaWVuZFJlcXVlc3ROb3RpZmljYXRpb24vZnZ5QXQ4bDB4TTQ 200
[debug] [2021-03-27T17:16:25.454Z] <<< [apiv2][body] GET https://cloudfunctions.googleapis.com/v1/operations/cGFydHktdXAtZGQyNDAvdXMtY2VudHJhbDEvc2VuZEZyaWVuZFJlcXVlc3ROb3RpZmljYXRpb24vZnZ5QXQ4bDB4TTQ {"name":"operations/cGFydHktdXAtZGQyNDAvdXMtY2VudHJhbDEvc2VuZEZyaWVuZFJlcXVlc3ROb3RpZmljYXRpb24vZnZ5QXQ4bDB4TTQ","metadata":{"@type":"type.googleapis.com/google.cloud.functions.v1.OperationMetadataV1","target":"projects/party-up-dd240/locations/us-central1/functions/sendFriendRequestNotification","type":"UPDATE_FUNCTION","request":{"@type":"type.googleapis.com/google.cloud.functions.v1.CloudFunction","name":"projects/party-up-dd240/locations/us-central1/functions/sendFriendRequestNotification","eventTrigger":{"eventType":"providers/cloud.firestore/eventTypes/document.write","resource":"projects/party-up-dd240/databases/(default)/documents/friend_requests/{userId}","service":"firestore.googleapis.com"},"status":"ACTIVE","entryPoint":"sendFriendRequestNotification","timeout":"60s","availableMemoryMb":256,"serviceAccountEmail":"party-up-dd240@appspot.gserviceaccount.com","updateTime":"2021-03-27T16:34:33.814Z","versionId":"33","labels":{"deployment-tool":"cli-firebase"},"sourceUploadUrl":"https://storage.googleapis.com/gcf-upload-us-central1-c9aebbef-8a6b-4095-8343-44c4d2cbe6ec/d407e650-d349-41df-a646-ff3f8c68ae6a.zip?GoogleAccessId=service-514271758518@gcf-admin-robot.iam.gserviceaccount.com&Expires=1616867165&Signature=JtYin5CxZ94C%2Fe3faT9Kt68S0ZWY95ncSNSD5PA4m85X5YAJ5OaYUW0CHtVfdRg010aQ1gmoFvm4ohh1OjpAnssC0ddVmudJzoz6zv6POENOwIwo3cEtTLrBnMuYztQjO4MEDE96oAMrRhkhjTTD9xsMi88nEuCfPrwS2Ku1TUi204zfm37RF8LGUsHWvPzEzCbfwpXiZB9X9oucRanzqEJoOPLNjEwB3c5U6rAapdNbc1PJkv7PzdjJMjvHa0YkSGGvjPzE80Hk4HoWn7r362TilzcE0rxlO5GILwDODQ61fwMivpTOzQLfPyfrwjVIJej9H3ezS71%2FdfjNupvrbw%3D%3D","environmentVariables":{"FIREBASE_CONFIG":"{\"projectId\":\"party-up-dd240\",\"databaseURL\":\"https://party-up-dd240.firebaseio.com\",\"storageBucket\":\"party-up-dd240.appspot.com\",\"locationId\":\"europe-west\"}"},"runtime":"nodejs12","ingressSettings":"ALLOW_ALL","buildId":"5ef746a2-2264-42d7-8edd-93872b82e014"},"versionId":"34","updateTime":"2021-03-27T17:16:06Z","buildId":"713a6ba0-794a-4b10-a19b-cf900ddf9c00"}}
